<?xml version="1.0" encoding="UTF-8"?>
<testsuite name="runner.TestRunner" tests="0" skipped="0" failures="0" errors="0" timestamp="1970-01-01T00:00:00" hostname="MacBook-Air.local" time="0.0">
  <properties/>
  <system-out><![CDATA[]]></system-out>
  <system-err><![CDATA[Jul 03, 2024 9:03:32 PM io.cucumber.core.runtime.FeaturePathFeatureSupplier get
WARNING: No features found at file:/Users/talcan/Desktop/Ghost/Selenium/src/test/resources/
]]></system-err>
</testsuite>
